

Version:	3.50
CmdLine:	C:\Users\GOI\Desktop\myprobio\biocrime.exe --l4j-debug
JNI:		No
WOW64:		Yes
Working dir:	C:\Users\GOI\Desktop\myprobio\.
Requires JDK:	Yes
Requires 64-Bit: No
Java min ver:	
Java max ver:	
JRE paths:	bin\jre
Check launcher:	C:\Users\GOI\Desktop\myprobio\bin\jre\bin\javaw.exe (not found)
Error msg:	This application requires a Java Runtime Environment.


Version:	3.50
CmdLine:	C:\Users\GOI\Desktop\myprobio\biocrime.exe --l4j-debug
JNI:		No
WOW64:		Yes
Working dir:	C:\Users\GOI\Desktop\myprobio\.
Requires JDK:	Yes
Requires 64-Bit: No
Java min ver:	
Java max ver:	
JRE paths:	bin\jre
Check launcher:	C:\Users\GOI\Desktop\myprobio\bin\jre\bin\javaw.exe (not found)
Error msg:	This application requires a Java Runtime Environment.


Version:	3.50
CmdLine:	C:\Users\GOI\Desktop\myprobio\biocrime.exe --l4j-debug
JNI:		No
WOW64:		Yes
Working dir:	C:\Users\GOI\Desktop\myprobio\.
Requires JDK:	Yes
Requires 64-Bit: No
Java min ver:	
Java max ver:	
JRE paths:	bin\jre
Check launcher:	C:\Users\GOI\Desktop\myprobio\bin\jre\bin\javaw.exe (OK)
Check javac:	C:\Users\GOI\Desktop\myprobio\bin\jre\bin\javac.exe (not found)
Error msg:	This application requires a Java Runtime Environment.
